{
  "RSpec": {
    "coverage": {
      "/Users/dontehandy/turing_work/1mod/independent_challenges/turbo-enigma/lib/item.rb": {
        "lines": [
          1,
          1,
          null,
          1,
          45,
          45,
          null,
          null
        ],
        "branches": {}
      },
      "/Users/dontehandy/turing_work/1mod/independent_challenges/turbo-enigma/lib/food_truck.rb": {
        "lines": [
          1,
          1,
          null,
          1,
          25,
          25,
          null,
          null,
          1,
          3,
          null,
          null,
          1,
          17,
          null,
          null,
          1,
          3,
          null,
          null
        ],
        "branches": {}
      },
      "/Users/dontehandy/turing_work/1mod/independent_challenges/turbo-enigma/lib/event.rb": {
        "lines": [
          1,
          1,
          null,
          1,
          7,
          7,
          null,
          null,
          1,
          17,
          null,
          null,
          1,
          4,
          null,
          null,
          1,
          3,
          null,
          null,
          1,
          4,
          null,
          null,
          1,
          6,
          2,
          6,
          6,
          6,
          null,
          null,
          2,
          null,
          null,
          1,
          3,
          null,
          null
        ],
        "branches": {}
      },
      "/Users/dontehandy/turing_work/1mod/independent_challenges/turbo-enigma/spec/food_truck_spec.rb": {
        "lines": [
          1,
          1,
          1,
          null,
          1,
          1,
          4,
          4,
          4,
          4,
          4,
          null,
          null,
          1,
          1,
          1,
          1,
          null,
          null,
          1,
          1,
          null,
          null,
          1,
          1,
          1,
          1,
          null,
          1,
          1,
          null,
          1,
          1,
          null,
          null,
          1,
          1,
          1,
          1,
          null,
          null
        ],
        "branches": {}
      },
      "/Users/dontehandy/turing_work/1mod/independent_challenges/turbo-enigma/spec/item_spec.rb": {
        "lines": [
          1,
          1,
          null,
          1,
          1,
          1,
          null,
          1,
          1,
          1,
          null,
          null
        ],
        "branches": {}
      }
    },
    "timestamp": 1736962017
  }
}
