{
  "RSpec": {
    "coverage": {
      "/Users/dontehandy/turing_work/1mod/independent_challenges/turbo-enigma/lib/item.rb": {
        "lines": [
          null,
          null,
          1,
          1,
          null,
          1,
          65,
          65,
          null,
          null,
          null,
          null
        ],
        "branches": {}
      },
      "/Users/dontehandy/turing_work/1mod/independent_challenges/turbo-enigma/lib/food_truck.rb": {
        "lines": [
          null,
          null,
          1,
          1,
          null,
          1,
          34,
          34,
          null,
          null,
          1,
          5,
          null,
          null,
          1,
          25,
          null,
          null,
          1,
          4,
          null,
          null
        ],
        "branches": {}
      },
      "/Users/dontehandy/turing_work/1mod/independent_challenges/turbo-enigma/lib/event.rb": {
        "lines": [
          null,
          null,
          1,
          1,
          null,
          1,
          9,
          9,
          null,
          null,
          1,
          23,
          null,
          null,
          1,
          4,
          null,
          null,
          1,
          3,
          null,
          null,
          1,
          8,
          null,
          null,
          1,
          12,
          4,
          12,
          12,
          12,
          null,
          null,
          4,
          null,
          null,
          1,
          7,
          null,
          null
        ],
        "branches": {}
      },
      "/Users/dontehandy/turing_work/1mod/independent_challenges/turbo-enigma/spec/food_truck_spec.rb": {
        "lines": [
          1,
          null,
          1,
          1,
          7,
          7,
          7,
          7,
          7,
          null,
          null,
          1,
          1,
          1,
          1,
          null,
          null,
          1,
          1,
          null,
          null,
          1,
          1,
          1,
          1,
          null,
          1,
          1,
          null,
          1,
          1,
          null,
          null,
          1,
          1,
          1,
          1,
          null,
          null,
          1,
          1,
          1,
          1,
          null,
          null,
          1,
          1,
          null,
          null,
          1,
          1,
          null,
          null
        ],
        "branches": {}
      },
      "/Users/dontehandy/turing_work/1mod/independent_challenges/turbo-enigma/spec/item_spec.rb": {
        "lines": [
          1,
          null,
          1,
          1,
          1,
          null,
          1,
          1,
          1,
          null,
          null
        ],
        "branches": {}
      }
    },
    "timestamp": 1736967183
  }
}
